# do {sccomp_tb_compile.do}
# ** Error: Model Technology ModelSim PE vmap 10.4c Lib Mapping Utility 2015.07 Jul 20 2015
# vmap xil_defaultlib msim/xil_defaultlib 
# Copying F:/Modelsim/win32pe/../modelsim.ini to modelsim.ini
# Modifying modelsim.ini
# ** Warning: Copied F:/Modelsim/win32pe/../modelsim.ini to modelsim.ini.
#          Updated modelsim.ini.
#          MODELSIM set to F:/Modelsim/win32pe/../modelsim.ini.
#          The MODELSIM environment variable is used to find the modelsim.ini
#          file, so this local copy will not be used.
# Error in macro ./sccomp_tb_compile.do line 16
# Model Technology ModelSim PE vmap 10.4c Lib Mapping Utility 2015.07 Jul 20 2015
# vmap xil_defaultlib msim/xil_defaultlib 
# Copying F:/Modelsim/win32pe/../modelsim.ini to modelsim.ini
# Modifying modelsim.ini
# ** Warning: Copied F:/Modelsim/win32pe/../modelsim.ini to modelsim.ini.
#          Updated modelsim.ini.
#          MODELSIM set to F:/Modelsim/win32pe/../modelsim.ini.
#          The MODELSIM environment variable is used to find the modelsim.ini
#          file, so this local copy will not be used.
#     while executing
# "exec <nul: {F:\Modelsim\win32pe\vmap.EXE} xil_defaultlib msim/xil_defaultlib"
#     ("uplevel" body line 1)
#     invoked from within
# "uplevel 1 exec $redir $new [lrange $args 1 end]"
#     (procedure "::unknown" line 47)
#     invoked from within
# "F:\\Modelsim\\win32pe\\vmap xil_defaultlib msim/xil_defaultlib"
